<?xml version="1.0" encoding="UTF-8"?>
<testng-results ignored="0" total="1" passed="1" failed="0" skipped="0">
  <reporter-output>
  </reporter-output>
  <suite started-at="2023-02-09T18:04:36 IST" name="Default suite" finished-at="2023-02-09T18:04:56 IST" duration-ms="19844">
    <groups>
    </groups>
    <test started-at="2023-02-09T18:04:36 IST" name="Default test" finished-at="2023-02-09T18:04:56 IST" duration-ms="19844">
      <class name="testclasses.FBTest">
        <test-method is-config="true" signature="launchFB()[pri:0, instance:testclasses.FBTest@6fdbe764]" started-at="2023-02-09T18:04:36 IST" name="launchFB" finished-at="2023-02-09T18:04:46 IST" duration-ms="9704" status="PASS">
          <reporter-output>
          </reporter-output>
        </test-method> <!-- launchFB -->
        <test-method is-config="true" signature="maximize()[pri:0, instance:testclasses.FBTest@6fdbe764]" started-at="2023-02-09T18:04:46 IST" name="maximize" finished-at="2023-02-09T18:04:46 IST" duration-ms="11" status="PASS">
          <reporter-output>
          </reporter-output>
        </test-method> <!-- maximize -->
        <test-method signature="tc01()[pri:0, instance:testclasses.FBTest@6fdbe764]" started-at="2023-02-09T18:04:46 IST" name="tc01" finished-at="2023-02-09T18:04:49 IST" duration-ms="2860" status="PASS">
          <reporter-output>
          </reporter-output>
        </test-method> <!-- tc01 -->
        <test-method is-config="true" signature="refreshpage()[pri:0, instance:testclasses.FBTest@6fdbe764]" started-at="2023-02-09T18:04:49 IST" name="refreshpage" finished-at="2023-02-09T18:04:56 IST" duration-ms="6708" status="PASS">
          <reporter-output>
          </reporter-output>
        </test-method> <!-- refreshpage -->
        <test-method is-config="true" signature="closebrowser()[pri:0, instance:testclasses.FBTest@6fdbe764]" started-at="2023-02-09T18:04:56 IST" name="closebrowser" finished-at="2023-02-09T18:04:56 IST" duration-ms="480" status="PASS">
          <reporter-output>
          </reporter-output>
        </test-method> <!-- closebrowser -->
      </class> <!-- testclasses.FBTest -->
    </test> <!-- Default test -->
  </suite> <!-- Default suite -->
</testng-results>
